<?xml version="1.0" encoding="UTF-8"?>
<coverage generated="1671056862982" clover="3.2.0">
  <project timestamp="1671056862982" name="All files">
    <metrics statements="16" coveredstatements="9" conditionals="0" coveredconditionals="0" methods="14" coveredmethods="7" elements="30" coveredelements="16" complexity="0" loc="16" ncloc="16" packages="2" files="5" classes="5"/>
    <package name="components">
      <metrics statements="7" coveredstatements="6" conditionals="0" coveredconditionals="0" methods="5" coveredmethods="4"/>
      <file name="QuestionsAnswers.jsx" path="/home/sprung/hackreactor/Project-Atelier/client/src/components/QuestionsAnswers.jsx">
        <metrics statements="7" coveredstatements="6" conditionals="0" coveredconditionals="0" methods="5" coveredmethods="4"/>
        <line num="9" count="1" type="stmt"/>
        <line num="10" count="1" type="stmt"/>
        <line num="14" count="1" type="stmt"/>
        <line num="18" count="1" type="stmt"/>
        <line num="20" count="0" type="stmt"/>
        <line num="25" count="1" type="stmt"/>
        <line num="29" count="1" type="stmt"/>
      </file>
    </package>
    <package name="components.questionsAnswers">
      <metrics statements="9" coveredstatements="3" conditionals="0" coveredconditionals="0" methods="9" coveredmethods="3"/>
      <file name="Answers.jsx" path="/home/sprung/hackreactor/Project-Atelier/client/src/components/questionsAnswers/Answers.jsx">
        <metrics statements="2" coveredstatements="0" conditionals="0" coveredconditionals="0" methods="2" coveredmethods="0"/>
        <line num="7" count="0" type="stmt"/>
        <line num="13" count="0" type="stmt"/>
      </file>
      <file name="PostQuestions.jsx" path="/home/sprung/hackreactor/Project-Atelier/client/src/components/questionsAnswers/PostQuestions.jsx">
        <metrics statements="1" coveredstatements="1" conditionals="0" coveredconditionals="0" methods="1" coveredmethods="1"/>
        <line num="2" count="1" type="stmt"/>
      </file>
      <file name="Questions.jsx" path="/home/sprung/hackreactor/Project-Atelier/client/src/components/questionsAnswers/Questions.jsx">
        <metrics statements="3" coveredstatements="0" conditionals="0" coveredconditionals="0" methods="3" coveredmethods="0"/>
        <line num="7" count="0" type="stmt"/>
        <line num="13" count="0" type="stmt"/>
        <line num="20" count="0" type="stmt"/>
      </file>
      <file name="QuestionsList.jsx" path="/home/sprung/hackreactor/Project-Atelier/client/src/components/questionsAnswers/QuestionsList.jsx">
        <metrics statements="3" coveredstatements="2" conditionals="0" coveredconditionals="0" methods="3" coveredmethods="2"/>
        <line num="8" count="1" type="stmt"/>
        <line num="16" count="1" type="stmt"/>
        <line num="21" count="0" type="stmt"/>
      </file>
    </package>
  </project>
</coverage>
